This is pdfTeX, Version 3.14159265-2.6-1.40.20 (TeX Live 2019/Debian) (preloaded format=pdflatex 2022.2.14)  24 FEB 2022 15:08
entering extended mode
 restricted \write18 enabled.
 %&-line parsing enabled.
**brain.tex
(./brain.tex
LaTeX2e <2020-02-02> patch level 2
L3 programming layer <2020-02-14>
(/usr/share/texlive/texmf-dist/tex/latex/base/article.cls
Document Class: article 2019/12/20 v1.4l Standard LaTeX document class
(/usr/share/texlive/texmf-dist/tex/latex/base/size10.clo
File: size10.clo 2019/12/20 v1.4l Standard LaTeX file (size option)
)
\c@part=\count167
\c@section=\count168
\c@subsection=\count169
\c@subsubsection=\count170
\c@paragraph=\count171
\c@subparagraph=\count172
\c@figure=\count173
\c@table=\count174
\abovecaptionskip=\skip47
\belowcaptionskip=\skip48
\bibindent=\dimen134
)
(/usr/share/texlive/texmf-dist/tex/latex/l3backend/l3backend-pdfmode.def
File: l3backend-pdfmode.def 2020-02-03 L3 backend support: PDF mode
\l__kernel_color_stack_int=\count175
\l__pdf_internal_box=\box45
)
(./brain.aux)
\openout1 = `brain.aux'.

LaTeX Font Info:    Checking defaults for OML/cmm/m/it on input line 2.
LaTeX Font Info:    ... okay on input line 2.
LaTeX Font Info:    Checking defaults for OMS/cmsy/m/n on input line 2.
LaTeX Font Info:    ... okay on input line 2.
LaTeX Font Info:    Checking defaults for OT1/cmr/m/n on input line 2.
LaTeX Font Info:    ... okay on input line 2.
LaTeX Font Info:    Checking defaults for T1/cmr/m/n on input line 2.
LaTeX Font Info:    ... okay on input line 2.
LaTeX Font Info:    Checking defaults for TS1/cmr/m/n on input line 2.
LaTeX Font Info:    ... okay on input line 2.
LaTeX Font Info:    Checking defaults for OMX/cmex/m/n on input line 2.
LaTeX Font Info:    ... okay on input line 2.
LaTeX Font Info:    Checking defaults for U/cmr/m/n on input line 2.
LaTeX Font Info:    ... okay on input line 2.
LaTeX Font Info:    External font `cmex10' loaded for size
(Font)              <7> on input line 6.
LaTeX Font Info:    External font `cmex10' loaded for size
(Font)              <5> on input line 6.

Underfull \hbox (badness 10000) in paragraph at lines 6--8
[]$
 []


Underfull \hbox (badness 10000) in paragraph at lines 9--11
[]$
 []


Underfull \hbox (badness 10000) in paragraph at lines 12--14
[]$
 []


Underfull \hbox (badness 10000) in paragraph at lines 15--17
[]$
 []


Underfull \hbox (badness 10000) in paragraph at lines 18--20
[]$
 []


Underfull \hbox (badness 10000) in paragraph at lines 22--24
[]$
 []


Underfull \hbox (badness 10000) in paragraph at lines 26--28
[]$
 []


Underfull \hbox (badness 10000) in paragraph at lines 29--31
[]$
 []


Underfull \hbox (badness 10000) in paragraph at lines 40--41
[]$
 []


Underfull \hbox (badness 10000) in paragraph at lines 40--41

 []

[1

{/var/lib/texmf/fonts/map/pdftex/updmap/pdftex.map}]
Underfull \hbox (badness 10000) in paragraph at lines 44--46
[]$
 []


Underfull \hbox (badness 10000) in paragraph at lines 47--49
[]$
 []


Underfull \hbox (badness 10000) in paragraph at lines 50--52
[]$
 []


Underfull \hbox (badness 10000) in paragraph at lines 53--55
[]$
 []


Underfull \hbox (badness 10000) in paragraph at lines 56--57
[]$
 []


Underfull \hbox (badness 10000) in paragraph at lines 56--57

 []


Underfull \hbox (badness 10000) in paragraph at lines 60--62
[]$
 []

[2]
Underfull \hbox (badness 10000) in paragraph at lines 69--70
[]$
 []


Underfull \hbox (badness 10000) in paragraph at lines 69--70

 []


Underfull \hbox (badness 10000) in paragraph at lines 73--75
[]$
 []


Underfull \hbox (badness 10000) in paragraph at lines 79--80
[]$
 []


Underfull \hbox (badness 10000) in paragraph at lines 79--80

 []


Underfull \hbox (badness 10000) in paragraph at lines 83--105
[]$
 []


Underfull \hbox (badness 10000) in paragraph at lines 83--105
\OT1/cmr/m/n/10 Com-po-si-tion: $\OML/cmm/m/it/10 g \OMS/cmsy/m/n/10 ^^N \OML/c
mm/m/it/10 k$\OT1/cmr/m/n/10 : $
 []


Underfull \hbox (badness 2189) in paragraph at lines 83--105
\OML/cmm/m/it/10 g \OT1/cmr/m/n/10 = \OMS/cmsy/m/n/10 f$ $\OT1/cmr/m/n/10 0 : \
OML/cmm/m/it/10 n[]\OT1/cmr/m/n/10 0 \OMS/cmsy/m/n/10 ! \OT1/cmr/m/n/10 [\OML/c
mm/m/it/10 n[]\OT1/cmr/m/n/10 1\OML/cmm/m/it/10 ; n[]\OT1/cmr/m/n/10 ]$ $1 : \O
ML/cmm/m/it/10 n[] \OMS/cmsy/m/n/10 ! \OT1/cmr/m/n/10 [\OML/cmm/m/it/10 n[]\OT1
/cmr/m/n/10 ]\OML/cmm/m/it/10 ; n[]\OT1/cmr/m/n/10 1 \OMS/cmsy/m/n/10 ! \OT1/cm
r/m/n/10 [\OML/cmm/m/it/10 n[]\OT1/cmr/m/n/10 2\OML/cmm/m/it/10 ; n[]\OT1/cmr/m
/n/10 5]
 []


Underfull \hbox (badness 10000) in paragraph at lines 83--105
\OT1/cmr/m/n/10 (\OML/cmm/m/it/10 omit\OT1/cmr/m/n/10 )2 : \OML/cmm/m/it/10 n[]
 \OMS/cmsy/m/n/10 ! \OT1/cmr/m/n/10 []\OML/cmm/m/it/10 ; n[]\OT1/cmr/m/n/10 2 \
OMS/cmsy/m/n/10 ! \OT1/cmr/m/n/10 []\OML/cmm/m/it/10 ; n[]\OT1/cmr/m/n/10 5 \OM
S/cmsy/m/n/10 ! \OT1/cmr/m/n/10 []
 []


Underfull \hbox (badness 10000) in paragraph at lines 83--105
\OMS/cmsy/m/n/10 g
 []


Underfull \hbox (badness 10000) in paragraph at lines 83--105
\OML/cmm/m/it/10 k \OT1/cmr/m/n/10 = \OMS/cmsy/m/n/10 f
 []


Underfull \hbox (badness 10000) in paragraph at lines 83--105
\OT1/cmr/m/n/10 0 : \OML/cmm/m/it/10 n[] \OMS/cmsy/m/n/10 ! \OT1/cmr/m/n/10 [\O
ML/cmm/m/it/10 n[]\OT1/cmr/m/n/10 0\OML/cmm/m/it/10 ; n[]\OT1/cmr/m/n/10 2]
 []


Underfull \hbox (badness 10000) in paragraph at lines 83--105
\OMS/cmsy/m/n/10 g
 []


Underfull \hbox (badness 10000) in paragraph at lines 83--105
\OML/cmm/m/it/10 g \OMS/cmsy/m/n/10 ^^N \OML/cmm/m/it/10 k \OT1/cmr/m/n/10 = \O
MS/cmsy/m/n/10 f
 []


Underfull \hbox (badness 10000) in paragraph at lines 83--105
\OT1/cmr/m/n/10 0 : \OML/cmm/m/it/10 n[]\OT1/cmr/m/n/10 0 \OMS/cmsy/m/n/10 ! \O
T1/cmr/m/n/10 [\OML/cmm/m/it/10 n[]\OT1/cmr/m/n/10 1\OML/cmm/m/it/10 ; n[]\OT1/
cmr/m/n/10 ]
 []


Underfull \hbox (badness 10000) in paragraph at lines 83--105
\OT1/cmr/m/n/10 1 : \OML/cmm/m/it/10 n[] \OMS/cmsy/m/n/10 ! \OT1/cmr/m/n/10 [\O
ML/cmm/m/it/10 n[]\OT1/cmr/m/n/10 ]\OML/cmm/m/it/10 ; n[]\OT1/cmr/m/n/10 1 \OMS
/cmsy/m/n/10 ! \OT1/cmr/m/n/10 [\OML/cmm/m/it/10 n[]\OT1/cmr/m/n/10 2\OML/cmm/m
/it/10 ; n[]\OT1/cmr/m/n/10 5]
 []


Underfull \hbox (badness 10000) in paragraph at lines 83--105
\OT1/cmr/m/n/10 2 : \OML/cmm/m/it/10 n[] \OMS/cmsy/m/n/10 ! \OT1/cmr/m/n/10 [\O
ML/cmm/m/it/10 n[]\OT1/cmr/m/n/10 0\OML/cmm/m/it/10 ; n[]\OT1/cmr/m/n/10 2]
 []


Underfull \hbox (badness 10000) in paragraph at lines 83--105
\OMS/cmsy/m/n/10 g
 []


Underfull \hbox (badness 10000) in paragraph at lines 83--105
\OML/cmm/m/it/10 k \OMS/cmsy/m/n/10 ^^N \OML/cmm/m/it/10 g \OT1/cmr/m/n/10 = \O
MS/cmsy/m/n/10 f
 []


Underfull \hbox (badness 10000) in paragraph at lines 83--105
\OT1/cmr/m/n/10 0 : \OML/cmm/m/it/10 n[] \OMS/cmsy/m/n/10 ! \OT1/cmr/m/n/10 [\O
ML/cmm/m/it/10 n[]\OT1/cmr/m/n/10 0\OML/cmm/m/it/10 ; n[]\OT1/cmr/m/n/10 2]
 []


Underfull \hbox (badness 10000) in paragraph at lines 83--105
\OT1/cmr/m/n/10 1 : \OML/cmm/m/it/10 n[]\OT1/cmr/m/n/10 0 \OMS/cmsy/m/n/10 ! \O
T1/cmr/m/n/10 [\OML/cmm/m/it/10 n[]\OT1/cmr/m/n/10 1\OML/cmm/m/it/10 ; n[]\OT1/
cmr/m/n/10 ]
 []


Underfull \hbox (badness 10000) in paragraph at lines 83--105
\OT1/cmr/m/n/10 2 : \OML/cmm/m/it/10 n[] \OMS/cmsy/m/n/10 ! \OT1/cmr/m/n/10 [\O
ML/cmm/m/it/10 n[]\OT1/cmr/m/n/10 ]\OML/cmm/m/it/10 ; n[]\OT1/cmr/m/n/10 1 \OMS
/cmsy/m/n/10 ! \OT1/cmr/m/n/10 [\OML/cmm/m/it/10 n[]\OT1/cmr/m/n/10 2\OML/cmm/m
/it/10 ; n[]\OT1/cmr/m/n/10 5]
 []


Underfull \hbox (badness 10000) in paragraph at lines 83--105
\OMS/cmsy/m/n/10 g
 []


Underfull \hbox (badness 10000) in paragraph at lines 83--105

 []

[3]
Underfull \hbox (badness 10000) in paragraph at lines 107--108
[]$
 []


Underfull \hbox (badness 10000) in paragraph at lines 107--108

 []


Underfull \hbox (badness 10000) in paragraph at lines 112--113
[]$
 []


Underfull \hbox (badness 10000) in paragraph at lines 112--113

 []


Underfull \hbox (badness 10000) in paragraph at lines 114--116
\OT1/cmr/m/n/10 other ex-ists for ei-ther growth func-tion $
 []


Underfull \hbox (badness 10000) in paragraph at lines 114--116

 []

[4] (./brain.aux) ) 
Here is how much of TeX's memory you used:
 365 strings out of 482663
 6193 string characters out of 5955139
 240042 words of memory out of 5000000
 15616 multiletter control sequences out of 15000+600000
 532338 words of font info for 24 fonts, out of 8000000 for 9000
 264 hyphenation exceptions out of 8191
 25i,5n,19p,1519b,97s stack positions out of 5000i,500n,10000p,200000b,80000s
</usr/share/texlive/texmf-dist/fonts/type1/public/amsfonts/c
m/cmmi10.pfb></usr/share/texlive/texmf-dist/fonts/type1/public/amsfonts/cm/cmmi
7.pfb></usr/share/texlive/texmf-dist/fonts/type1/public/amsfonts/cm/cmr10.pfb><
/usr/share/texlive/texmf-dist/fonts/type1/public/amsfonts/cm/cmr7.pfb></usr/sha
re/texlive/texmf-dist/fonts/type1/public/amsfonts/cm/cmsy10.pfb></usr/share/tex
live/texmf-dist/fonts/type1/public/amsfonts/cm/cmsy7.pfb>
Output written on brain.pdf (4 pages, 79396 bytes).
PDF statistics:
 41 PDF objects out of 1000 (max. 8388607)
 28 compressed objects within 1 object stream
 0 named destinations out of 1000 (max. 500000)
 1 words of extra memory for PDF output out of 10000 (max. 10000000)

